	Command being timed: "python main.py tests/data/test_audio.wav --device cuda --model medium --compute-type float16"
	User time (seconds): 134.91
	System time (seconds): 6.26
	Percent of CPU this job got: 149%
	Elapsed (wall clock) time (h:mm:ss or m:ss): 1:34.68
	Average shared text size (kbytes): 0
	Average unshared data size (kbytes): 0
	Average stack size (kbytes): 0
	Average total size (kbytes): 0
	Maximum resident set size (kbytes): 2810684
	Average resident set size (kbytes): 0
	Major (requiring I/O) page faults: 0
	Minor (reclaiming a frame) page faults: 1314363
	Voluntary context switches: 213950
	Involuntary context switches: 824
	Swaps: 0
	File system inputs: 2736976
	File system outputs: 880
	Socket messages sent: 0
	Socket messages received: 0
	Signals delivered: 0
	Page size (bytes): 4096
	Exit status: 0
