	Command being timed: "python main.py tests/data/test_audio.wav --device cuda --model large-v2 --compute-type int8"
	User time (seconds): 164.82
	System time (seconds): 12.50
	Percent of CPU this job got: 150%
	Elapsed (wall clock) time (h:mm:ss or m:ss): 1:57.47
	Average shared text size (kbytes): 0
	Average unshared data size (kbytes): 0
	Average stack size (kbytes): 0
	Average total size (kbytes): 0
	Maximum resident set size (kbytes): 4669720
	Average resident set size (kbytes): 0
	Major (requiring I/O) page faults: 627
	Minor (reclaiming a frame) page faults: 1829525
	Voluntary context switches: 422800
	Involuntary context switches: 714
	Swaps: 0
	File system inputs: 9875944
	File system outputs: 872
	Socket messages sent: 0
	Socket messages received: 0
	Signals delivered: 0
	Page size (bytes): 4096
	Exit status: 0
