	Command being timed: "python main.py tests/data/test_audio.wav --device cuda --model large --compute-type int8"
	User time (seconds): 159.84
	System time (seconds): 10.50
	Percent of CPU this job got: 154%
	Elapsed (wall clock) time (h:mm:ss or m:ss): 1:50.42
	Average shared text size (kbytes): 0
	Average unshared data size (kbytes): 0
	Average stack size (kbytes): 0
	Average total size (kbytes): 0
	Maximum resident set size (kbytes): 4080376
	Average resident set size (kbytes): 0
	Major (requiring I/O) page faults: 94
	Minor (reclaiming a frame) page faults: 1518761
	Voluntary context switches: 421724
	Involuntary context switches: 781
	Swaps: 0
	File system inputs: 6146600
	File system outputs: 864
	Socket messages sent: 0
	Socket messages received: 0
	Signals delivered: 0
	Page size (bytes): 4096
	Exit status: 0
