	Command being timed: "python main.py tests/data/test_audio.wav --device cuda --model turbo --compute-type int8"
	User time (seconds): 143.00
	System time (seconds): 6.80
	Percent of CPU this job got: 147%
	Elapsed (wall clock) time (h:mm:ss or m:ss): 1:41.80
	Average shared text size (kbytes): 0
	Average unshared data size (kbytes): 0
	Average stack size (kbytes): 0
	Average total size (kbytes): 0
	Maximum resident set size (kbytes): 4565120
	Average resident set size (kbytes): 0
	Major (requiring I/O) page faults: 104
	Minor (reclaiming a frame) page faults: 1636097
	Voluntary context switches: 221345
	Involuntary context switches: 1056
	Swaps: 0
	File system inputs: 3599168
	File system outputs: 864
	Socket messages sent: 0
	Socket messages received: 0
	Signals delivered: 0
	Page size (bytes): 4096
	Exit status: 0
