	Command being timed: "python main.py tests/data/test_audio.wav --device cuda --model base --compute-type float16"
	User time (seconds): 127.73
	System time (seconds): 3.92
	Percent of CPU this job got: 153%
	Elapsed (wall clock) time (h:mm:ss or m:ss): 1:25.55
	Average shared text size (kbytes): 0
	Average unshared data size (kbytes): 0
	Average stack size (kbytes): 0
	Average total size (kbytes): 0
	Maximum resident set size (kbytes): 2792968
	Average resident set size (kbytes): 0
	Major (requiring I/O) page faults: 2
	Minor (reclaiming a frame) page faults: 925718
	Voluntary context switches: 213129
	Involuntary context switches: 654
	Swaps: 0
	File system inputs: 18720
	File system outputs: 872
	Socket messages sent: 0
	Socket messages received: 0
	Signals delivered: 0
	Page size (bytes): 4096
	Exit status: 0
